git-lfs/2.12.0 (GitHub; windows amd64; go 1.14.7; git dad7b9e6)
git version 2.29.2.windows.1

$ git.exe filter-process
Error downloading object: Nim/Library/PackageCache/com.unity.collab-proxy@1.15.13/Documentation~/images/AccessingPlastic.png (5fb5813): Smudge error: Error downloading Nim/Library/PackageCache/com.unity.collab-proxy@1.15.13/Documentation~/images/AccessingPlastic.png (5fb58133484cdacf55b46be8f3006623f43e4e157fb733edf0f10433db6f4818): batch request: missing protocol: ""

missing protocol: ""
batch request
github.com/git-lfs/git-lfs/errors.newWrappedError
	D:/a/git-lfs/git-lfs/errors/types.go:198
github.com/git-lfs/git-lfs/errors.Wrap
	D:/a/git-lfs/git-lfs/errors/errors.go:74
github.com/git-lfs/git-lfs/tq.(*tqClient).Batch
	D:/a/git-lfs/git-lfs/tq/api.go:68
github.com/git-lfs/git-lfs/tq.Batch
	D:/a/git-lfs/git-lfs/tq/api.go:40
github.com/git-lfs/git-lfs/tq.(*TransferQueue).enqueueAndCollectRetriesFor
	D:/a/git-lfs/git-lfs/tq/transfer_queue.go:559
github.com/git-lfs/git-lfs/tq.(*TransferQueue).collectBatches.func1
	D:/a/git-lfs/git-lfs/tq/transfer_queue.go:453
runtime.goexit
	go/src/runtime/asm_amd64.s:1373
Error downloading Nim/Library/PackageCache/com.unity.collab-proxy@1.15.13/Documentation~/images/AccessingPlastic.png (5fb58133484cdacf55b46be8f3006623f43e4e157fb733edf0f10433db6f4818)
github.com/git-lfs/git-lfs/errors.newWrappedError
	D:/a/git-lfs/git-lfs/errors/types.go:198
github.com/git-lfs/git-lfs/errors.Wrapf
	D:/a/git-lfs/git-lfs/errors/errors.go:85
github.com/git-lfs/git-lfs/lfs.(*GitFilter).downloadFile
	D:/a/git-lfs/git-lfs/lfs/gitfilter_smudge.go:115
github.com/git-lfs/git-lfs/lfs.(*GitFilter).Smudge
	D:/a/git-lfs/git-lfs/lfs/gitfilter_smudge.go:76
github.com/git-lfs/git-lfs/commands.smudge
	D:/a/git-lfs/git-lfs/commands/command_smudge.go:127
github.com/git-lfs/git-lfs/commands.filterCommand
	D:/a/git-lfs/git-lfs/commands/command_filter_process.go:120
github.com/spf13/cobra.(*Command).execute
	go/pkg/mod/github.com/spf13/cobra@v0.0.3/command.go:766
github.com/spf13/cobra.(*Command).ExecuteC
	go/pkg/mod/github.com/spf13/cobra@v0.0.3/command.go:852
github.com/spf13/cobra.(*Command).Execute
	go/pkg/mod/github.com/spf13/cobra@v0.0.3/command.go:800
github.com/git-lfs/git-lfs/commands.Run
	D:/a/git-lfs/git-lfs/commands/run.go:103
main.main
	D:/a/git-lfs/git-lfs/git-lfs.go:33
runtime.main
	go/src/runtime/proc.go:203
runtime.goexit
	go/src/runtime/asm_amd64.s:1373
Smudge error
github.com/git-lfs/git-lfs/errors.newWrappedError
	D:/a/git-lfs/git-lfs/errors/types.go:198
github.com/git-lfs/git-lfs/errors.NewSmudgeError
	D:/a/git-lfs/git-lfs/errors/types.go:284
github.com/git-lfs/git-lfs/lfs.(*GitFilter).Smudge
	D:/a/git-lfs/git-lfs/lfs/gitfilter_smudge.go:85
github.com/git-lfs/git-lfs/commands.smudge
	D:/a/git-lfs/git-lfs/commands/command_smudge.go:127
github.com/git-lfs/git-lfs/commands.filterCommand
	D:/a/git-lfs/git-lfs/commands/command_filter_process.go:120
github.com/spf13/cobra.(*Command).execute
	go/pkg/mod/github.com/spf13/cobra@v0.0.3/command.go:766
github.com/spf13/cobra.(*Command).ExecuteC
	go/pkg/mod/github.com/spf13/cobra@v0.0.3/command.go:852
github.com/spf13/cobra.(*Command).Execute
	go/pkg/mod/github.com/spf13/cobra@v0.0.3/command.go:800
github.com/git-lfs/git-lfs/commands.Run
	D:/a/git-lfs/git-lfs/commands/run.go:103
main.main
	D:/a/git-lfs/git-lfs/git-lfs.go:33
runtime.main
	go/src/runtime/proc.go:203
runtime.goexit
	go/src/runtime/asm_amd64.s:1373

Current time in UTC: 
2022-04-13 00:15:30

ENV:
LocalWorkingDir=
LocalGitDir=
LocalGitStorageDir=
LocalMediaDir=lfs\objects
LocalReferenceDirs=
TempDir=lfs\tmp
ConcurrentTransfers=8
TusTransfers=false
BasicTransfersOnly=false
SkipDownloadErrors=false
FetchRecentAlways=false
FetchRecentRefsDays=7
FetchRecentCommitsDays=0
FetchRecentRefsIncludeRemotes=true
PruneOffsetDays=3
PruneVerifyRemoteAlways=false
PruneRemoteName=origin
LfsStorageDir=lfs
AccessDownload=none
AccessUpload=none
DownloadTransfers=basic,lfs-standalone-file
UploadTransfers=basic,lfs-standalone-file
GIT_ASKPASS=c:/program files/microsoft visual studio/2022/community/common7/ide/commonextensions/microsoft/teamfoundation/team explorer/Git/mingw32/bin\git-askpass.exe
GIT_CEILING_DIRECTORIES=C:/Development/Unity
GIT_CONFIG_PARAMETERS='gc.auto'='0' 'credential.helper'='manager-core' 'core.askpass'='c:/program files/microsoft visual studio/2022/community/common7/ide/commonextensions/microsoft/teamfoundation/team explorer/Git/mingw32/bin\git-askpass.exe'
GIT_DIR=C:/Development/Unity/Nim/.git
GIT_EXEC_PATH=c:/program files/microsoft visual studio/2022/community/common7/ide/commonextensions/microsoft/teamfoundation/team explorer/Git/mingw32/libexec/git-core
GIT_FLUSH=1
GIT_HTTP_USER_AGENT=git/2.35.2 (Microsoft Windows NT 10.0.22000.0; Win32NT x64) CLR/4.0.30319 VS17/17.0.0
GIT_LFS_PATH=C:\Program Files\Git LFS
GIT_MERGE_VERBOSITY=4
GIT_PAGER=cat
GIT_TERMINAL_PROMPT=0

Client IP addresses:
fe80::7181:a93f:195a:efb4 192.168.174.1
fe80::7567:2028:d617:f523 192.168.232.1
fe80::6007:b8d:5904:8590 172.16.100.1
fe80::d4b7:8732:74f5:66fb 10.10.17.113
